INFO 2024-03-01 15:32:15,147 views 20168 18812 Data Festched SuccessFully
ERROR 2024-03-01 15:34:19,818 views 20168 18812 Error in Data Submitting
ERROR 2024-03-01 15:34:36,160 views 20168 18812 Error in Data Submitting
ERROR 2024-03-01 15:35:05,490 views 20168 18812 Error in Data Submitting
ERROR 2024-03-01 15:35:15,510 views 20168 18812 Error in Data Submitting
ERROR 2024-03-01 15:35:49,382 views 18396 2700 Error in Data Submitting
ERROR 2024-03-01 15:36:20,048 views 18396 2700 Error in Data Submitting
ERROR 2024-03-01 15:36:49,638 views 18396 2700 Error in Data Submitting
ERROR 2024-03-01 15:38:28,489 views 24256 15576 Error in Data Submitting
ERROR 2024-03-01 15:39:07,761 views 18896 15396 Error in Data Submitting
INFO 2024-03-01 15:42:34,727 views 19300 2284 Data Saved SuccessFully
INFO 2024-03-01 15:42:59,831 views 19300 2284 Data Saved SuccessFully
INFO 2024-03-01 15:43:27,817 views 19300 2284 Data Saved SuccessFully
INFO 2024-03-01 15:43:37,261 views 19300 2284 Data Saved SuccessFully
INFO 2024-03-01 15:43:47,364 views 19300 2284 Data Festched SuccessFully
INFO 2024-03-01 15:43:56,913 views 19300 2284 Data Updated SuccessFully
INFO 2024-03-01 15:44:10,606 views 19300 2284 Data Festched SuccessFully
INFO 2024-03-01 15:44:19,064 views 19300 2284 Data Deleted  SuccessFully
INFO 2024-03-01 15:44:29,759 views 19300 2284 Data Festched SuccessFully
ERROR 2024-03-01 19:14:37,705 views 12296 3908 Error in Data Submitting
ERROR 2024-03-01 19:14:38,956 views 12296 3908 Error in Data Submitting
ERROR 2024-03-01 19:14:39,639 views 12296 3908 Error in Data Submitting
ERROR 2024-03-01 19:14:41,888 views 12296 3908 Error in Data Submitting
ERROR 2024-03-01 19:14:42,916 views 12296 3908 Error in Data Submitting
ERROR 2024-03-01 19:16:14,451 views 20188 13780 Error in Data Submitting
INFO 2024-03-01 19:17:40,911 views 20188 21920 Data Festched SuccessFully
INFO 2024-03-01 19:17:51,567 views 20188 21920 Data Saved SuccessFully
ERROR 2024-03-01 19:19:23,394 views 20188 24328 Error in Data Submitting
ERROR 2024-03-01 19:19:25,051 views 20188 24328 Error in Data Submitting
ERROR 2024-03-01 19:20:36,544 views 13444 12296 Error in Data Submitting
ERROR 2024-03-01 19:21:31,932 views 13444 1352 Error in Data Submitting
ERROR 2024-03-01 19:22:05,296 views 1812 2184 Error in Data Submitting
ERROR 2024-03-01 19:29:13,481 views 22040 8628 Error in Data Submitting
ERROR 2024-03-01 19:29:14,973 views 22040 8628 Error in Data Submitting
ERROR 2024-03-01 19:31:30,778 views 22040 19168 Error in Data Submitting
INFO 2024-03-01 19:33:34,330 views 22040 336 Data Saved SuccessFully
INFO 2024-03-01 19:45:54,935 views 20600 20028 Data Saved SuccessFully
ERROR 2024-03-01 19:46:36,748 views 20600 19188 Error in Data Submitting
INFO 2024-03-01 19:58:46,285 views 20600 20028 Data Saved SuccessFully
INFO 2024-03-01 19:58:56,117 views 20600 20028 Data Festched SuccessFully
ERROR 2024-03-01 20:06:29,869 views 20600 17036 Error in Data Submitting
ERROR 2024-03-01 20:06:30,827 views 20600 17036 Error in Data Submitting
INFO 2024-03-01 20:06:33,481 views 20600 17036 Data Festched SuccessFully
INFO 2024-03-01 20:06:33,503 views 20600 17036 Data Festched SuccessFully
INFO 2024-03-01 20:07:38,215 views 20600 17036 Data Festched SuccessFully
INFO 2024-03-01 20:07:40,207 views 20600 17036 Data Festched SuccessFully
INFO 2024-03-01 20:07:45,190 views 20600 17036 Data Festched SuccessFully
INFO 2024-03-01 20:07:47,187 views 20600 17036 Data Festched SuccessFully
INFO 2024-03-01 20:07:51,197 views 20600 17036 Data Festched SuccessFully
INFO 2024-03-01 20:09:27,206 views 20600 17036 Data Festched SuccessFully
INFO 2024-03-01 20:10:48,210 views 20600 17036 Data Festched SuccessFully
INFO 2024-03-01 20:10:52,215 views 20600 17036 Data Festched SuccessFully
INFO 2024-03-01 20:11:04,211 views 20600 17036 Data Festched SuccessFully
INFO 2024-03-01 20:11:05,226 views 20600 17036 Data Festched SuccessFully
INFO 2024-03-01 20:11:13,217 views 20600 17036 Data Festched SuccessFully
INFO 2024-03-01 20:11:18,217 views 20600 17036 Data Festched SuccessFully
INFO 2024-03-01 20:11:37,216 views 20600 17036 Data Festched SuccessFully
INFO 2024-03-01 20:11:39,217 views 20600 17036 Data Festched SuccessFully
INFO 2024-03-01 20:11:48,217 views 20600 17036 Data Festched SuccessFully
INFO 2024-03-01 20:11:51,227 views 20600 17036 Data Festched SuccessFully
INFO 2024-03-01 20:11:58,913 views 20600 17036 Data Festched SuccessFully
INFO 2024-03-01 20:11:58,926 views 20600 17036 Data Festched SuccessFully
INFO 2024-03-01 20:12:02,962 views 20600 17036 Data Festched SuccessFully
INFO 2024-03-01 20:12:02,974 views 20600 17036 Data Festched SuccessFully
INFO 2024-03-01 20:12:36,726 views 20600 17036 Data Festched SuccessFully
INFO 2024-03-01 20:12:36,740 views 20600 17036 Data Festched SuccessFully
ERROR 2024-03-01 20:12:45,110 views 20600 17036 Error in Data Submitting
ERROR 2024-03-01 20:12:46,185 views 20600 17036 Error in Data Submitting
INFO 2024-03-01 20:12:47,566 views 20600 17036 Data Festched SuccessFully
INFO 2024-03-01 20:12:47,582 views 20600 17036 Data Festched SuccessFully
INFO 2024-03-01 20:12:50,589 views 20600 17036 Data Festched SuccessFully
INFO 2024-03-01 20:12:50,603 views 20600 17036 Data Festched SuccessFully
INFO 2024-03-01 20:33:37,143 views 20600 16700 Data Festched SuccessFully
INFO 2024-03-01 20:33:37,158 views 20600 16700 Data Festched SuccessFully
INFO 2024-03-01 20:33:37,170 views 20600 17060 Data Festched SuccessFully
INFO 2024-03-01 20:33:37,179 views 20600 17060 Data Festched SuccessFully
INFO 2024-03-01 20:34:16,962 views 20600 17060 Data Festched SuccessFully
INFO 2024-03-01 20:34:16,979 views 20600 17060 Data Festched SuccessFully
INFO 2024-03-01 20:34:16,983 views 20600 16700 Data Festched SuccessFully
INFO 2024-03-01 20:34:16,996 views 20600 16700 Data Festched SuccessFully
INFO 2024-03-01 20:34:18,401 views 20600 16700 Data Festched SuccessFully
INFO 2024-03-01 20:34:18,412 views 20600 16700 Data Festched SuccessFully
INFO 2024-03-01 20:34:18,416 views 20600 17060 Data Festched SuccessFully
INFO 2024-03-01 20:34:18,430 views 20600 17060 Data Festched SuccessFully
INFO 2024-03-01 20:34:52,206 views 20600 17060 Data Festched SuccessFully
INFO 2024-03-01 20:34:52,218 views 20600 17060 Data Festched SuccessFully
INFO 2024-03-01 20:34:54,091 views 20600 17060 Data Festched SuccessFully
INFO 2024-03-01 20:34:54,103 views 20600 17060 Data Festched SuccessFully
INFO 2024-03-01 20:34:55,643 views 20600 17060 Data Festched SuccessFully
INFO 2024-03-01 20:34:55,653 views 20600 17060 Data Festched SuccessFully
INFO 2024-03-01 20:34:58,684 views 20600 17060 Data Festched SuccessFully
INFO 2024-03-01 20:34:58,696 views 20600 17060 Data Festched SuccessFully
INFO 2024-03-01 20:35:00,383 views 20600 17060 Data Festched SuccessFully
INFO 2024-03-01 20:35:00,398 views 20600 17060 Data Festched SuccessFully
INFO 2024-03-01 20:35:01,909 views 20600 16700 Data Deleted  SuccessFully
ERROR 2024-03-01 20:35:57,327 views 20600 9792 Data Featchin error
ERROR 2024-03-01 20:36:02,736 views 20600 9792 Data Featchin error
INFO 2024-03-01 20:36:03,518 views 20600 9792 Data Festched SuccessFully
INFO 2024-03-01 20:36:03,531 views 20600 9792 Data Festched SuccessFully
INFO 2024-03-01 20:36:07,716 views 20600 14620 Data Festched SuccessFully
INFO 2024-03-01 20:36:07,729 views 20600 14620 Data Festched SuccessFully
INFO 2024-03-01 20:36:09,531 views 20600 14620 Data Festched SuccessFully
INFO 2024-03-01 20:36:09,548 views 20600 14620 Data Festched SuccessFully
INFO 2024-03-01 20:36:29,598 views 20600 14620 Data Festched SuccessFully
INFO 2024-03-01 20:36:29,598 views 20600 14620 Data Festched SuccessFully
INFO 2024-03-01 20:36:35,083 views 20600 3964 Data Deleted  SuccessFully
INFO 2024-03-01 20:36:43,143 views 20600 16956 Data Festched SuccessFully
INFO 2024-03-01 20:36:43,158 views 20600 16956 Data Festched SuccessFully
INFO 2024-03-01 20:37:21,952 views 20600 16956 Data Festched SuccessFully
INFO 2024-03-01 20:37:21,964 views 20600 16956 Data Festched SuccessFully
INFO 2024-03-01 20:37:23,536 views 20600 16956 Data Festched SuccessFully
INFO 2024-03-01 20:37:23,561 views 20600 16956 Data Festched SuccessFully
INFO 2024-03-01 20:37:25,734 views 20600 13636 Data Festched SuccessFully
INFO 2024-03-01 20:37:25,755 views 20600 13636 Data Festched SuccessFully
INFO 2024-03-01 20:37:27,435 views 20600 13636 Data Festched SuccessFully
INFO 2024-03-01 20:37:27,450 views 20600 13636 Data Festched SuccessFully
INFO 2024-03-01 20:39:07,522 views 20600 13636 Data Festched SuccessFully
INFO 2024-03-01 20:39:09,264 views 20600 13636 Data Festched SuccessFully
INFO 2024-03-01 20:39:10,903 views 20600 13636 Data Festched SuccessFully
INFO 2024-03-01 20:39:38,394 views 20600 13636 Data Festched SuccessFully
INFO 2024-03-01 20:39:38,402 views 20600 13636 Data Festched SuccessFully
INFO 2024-03-01 20:40:27,169 views 20600 13636 Data Festched SuccessFully
INFO 2024-03-01 20:40:27,169 views 20600 13636 Data Festched SuccessFully
INFO 2024-03-01 20:40:32,174 views 20600 13636 Data Festched SuccessFully
INFO 2024-03-01 20:40:32,189 views 20600 13636 Data Festched SuccessFully
INFO 2024-03-01 20:40:33,526 views 20600 13636 Data Festched SuccessFully
INFO 2024-03-01 20:40:33,532 views 20600 13636 Data Festched SuccessFully
INFO 2024-03-01 20:40:41,118 views 20600 19608 Data Deleted  SuccessFully
INFO 2024-03-01 20:42:16,257 views 20600 20028 Data Festched SuccessFully
INFO 2024-03-01 20:42:25,016 views 20600 6436 Data Festched SuccessFully
INFO 2024-03-01 20:42:25,030 views 20600 6436 Data Festched SuccessFully
ERROR 2024-03-01 20:42:25,761 views 20600 7144 Data Featchin error
ERROR 2024-03-01 20:42:25,776 views 20600 7144 Data Featchin error
INFO 2024-03-01 20:42:33,351 views 20600 7144 Data Festched SuccessFully
INFO 2024-03-01 20:42:33,369 views 20600 7144 Data Festched SuccessFully
INFO 2024-03-01 20:42:35,676 views 20600 7144 Data Festched SuccessFully
INFO 2024-03-01 20:42:35,704 views 20600 7144 Data Festched SuccessFully
INFO 2024-03-01 20:43:04,331 views 20600 7144 Data Festched SuccessFully
INFO 2024-03-01 20:43:07,337 views 20600 7144 Data Festched SuccessFully
INFO 2024-03-01 20:44:53,143 views 20600 7144 Data Festched SuccessFully
INFO 2024-03-01 20:44:53,160 views 20600 7144 Data Festched SuccessFully
INFO 2024-03-01 20:44:55,613 views 20600 6976 Data Festched SuccessFully
INFO 2024-03-01 20:44:55,621 views 20600 6976 Data Festched SuccessFully
INFO 2024-03-01 20:44:57,267 views 20600 6976 Data Festched SuccessFully
INFO 2024-03-01 20:44:57,277 views 20600 6976 Data Festched SuccessFully
INFO 2024-03-01 20:49:21,750 views 20600 6976 Data Festched SuccessFully
INFO 2024-03-01 20:49:21,765 views 20600 6976 Data Festched SuccessFully
INFO 2024-03-01 20:49:23,616 views 20600 6976 Data Festched SuccessFully
INFO 2024-03-01 20:49:23,625 views 20600 6976 Data Festched SuccessFully
INFO 2024-03-01 20:49:25,613 views 20600 6976 Data Festched SuccessFully
INFO 2024-03-01 20:49:25,626 views 20600 6976 Data Festched SuccessFully
INFO 2024-03-01 20:49:31,782 views 20600 6976 Data Festched SuccessFully
INFO 2024-03-01 20:49:31,790 views 20600 6976 Data Festched SuccessFully
INFO 2024-03-01 20:49:33,106 views 20600 6976 Data Festched SuccessFully
INFO 2024-03-01 20:49:33,120 views 20600 6976 Data Festched SuccessFully
INFO 2024-03-01 20:50:01,114 views 20600 6976 Data Festched SuccessFully
INFO 2024-03-01 20:50:01,122 views 20600 6976 Data Festched SuccessFully
INFO 2024-03-01 20:50:02,956 views 20600 6976 Data Festched SuccessFully
INFO 2024-03-01 20:50:02,973 views 20600 6976 Data Festched SuccessFully
INFO 2024-03-01 23:22:29,751 views 20600 24332 Data Festched SuccessFully
INFO 2024-03-01 23:37:39,450 views 20600 21036 Data Festched SuccessFully
INFO 2024-03-01 23:37:39,461 views 20600 21036 Data Festched SuccessFully
INFO 2024-03-01 23:37:41,273 views 20600 21036 Data Festched SuccessFully
INFO 2024-03-01 23:37:41,289 views 20600 21036 Data Festched SuccessFully
INFO 2024-03-01 23:37:44,554 views 20600 21036 Data Festched SuccessFully
INFO 2024-03-01 23:37:44,563 views 20600 21036 Data Festched SuccessFully
INFO 2024-03-01 23:38:45,335 views 20600 21036 Data Festched SuccessFully
INFO 2024-03-01 23:38:48,336 views 20600 21036 Data Festched SuccessFully
INFO 2024-03-01 23:38:52,584 views 20600 21036 Data Festched SuccessFully
INFO 2024-03-01 23:38:52,584 views 20600 21036 Data Festched SuccessFully
ERROR 2024-03-01 23:50:06,934 views 20600 12844 Error in Data Submitting
ERROR 2024-03-01 23:50:07,949 views 20600 12844 Error in Data Submitting
ERROR 2024-03-01 23:50:09,067 views 20600 12844 Error in Data Submitting
ERROR 2024-03-01 23:50:10,115 views 20600 12844 Error in Data Submitting
ERROR 2024-03-01 23:50:10,834 views 20600 12844 Error in Data Submitting
ERROR 2024-03-01 23:50:11,052 views 20600 12844 Error in Data Submitting
INFO 2024-03-01 23:53:46,516 views 20600 12844 Data Festched SuccessFully
INFO 2024-03-01 23:53:46,525 views 20600 12844 Data Festched SuccessFully
INFO 2024-03-01 23:54:10,284 views 20600 12844 Data Festched SuccessFully
INFO 2024-03-01 23:54:11,969 views 20600 12844 Data Festched SuccessFully
INFO 2024-03-01 23:54:20,439 views 20600 12844 Data Festched SuccessFully
INFO 2024-03-01 23:54:23,435 views 20600 12844 Data Festched SuccessFully
INFO 2024-03-01 23:54:24,933 views 20600 12844 Data Festched SuccessFully
INFO 2024-03-01 23:54:37,616 views 20600 12844 Data Festched SuccessFully
INFO 2024-03-01 23:54:37,635 views 20600 12844 Data Festched SuccessFully
INFO 2024-03-01 23:59:21,719 views 20600 8452 Data Festched SuccessFully
INFO 2024-03-01 23:59:21,730 views 20600 8452 Data Festched SuccessFully
INFO 2024-03-02 00:00:30,007 views 20600 1404 Data Festched SuccessFully
INFO 2024-03-02 00:00:30,016 views 20600 1404 Data Festched SuccessFully
INFO 2024-03-02 00:00:31,986 views 20600 1404 Data Festched SuccessFully
INFO 2024-03-02 00:00:31,992 views 20600 1404 Data Festched SuccessFully
INFO 2024-03-02 00:00:36,821 views 20600 1404 Data Festched SuccessFully
INFO 2024-03-02 00:00:36,829 views 20600 1404 Data Festched SuccessFully
INFO 2024-03-02 10:28:16,248 views 19088 10764 Data Festched SuccessFully
INFO 2024-03-02 10:28:16,335 views 19088 10764 Data Festched SuccessFully
ERROR 2024-03-02 10:38:45,086 views 19108 23804 Error in Data Submitting
ERROR 2024-03-02 10:39:09,075 views 19108 23804 Error in Data Submitting
ERROR 2024-03-02 10:40:13,611 views 19108 23804 Error in Data Submitting
ERROR 2024-03-02 10:41:05,435 views 19108 23804 Error in Data Submitting
ERROR 2024-03-02 10:42:02,785 views 19108 23804 Error in Data Submitting
INFO 2024-03-02 10:43:20,299 views 19108 23804 Data Saved SuccessFully
INFO 2024-03-02 10:43:25,392 views 19108 23804 Data Festched SuccessFully
INFO 2024-03-02 10:43:25,409 views 19108 23804 Data Festched SuccessFully
INFO 2024-03-02 10:44:48,824 views 19108 23804 Data Festched SuccessFully
INFO 2024-03-02 10:44:58,821 views 19108 23804 Data Festched SuccessFully
INFO 2024-03-02 10:45:04,813 views 19108 23804 Data Festched SuccessFully
INFO 2024-03-02 10:45:09,802 views 19108 23804 Data Festched SuccessFully
INFO 2024-03-02 10:45:12,805 views 19108 23804 Data Festched SuccessFully
INFO 2024-03-02 10:45:37,785 views 19108 23804 Data Festched SuccessFully
INFO 2024-03-02 10:45:58,807 views 19108 23804 Data Festched SuccessFully
INFO 2024-03-02 10:46:04,830 views 19108 23804 Data Festched SuccessFully
INFO 2024-03-02 10:46:06,821 views 19108 23804 Data Festched SuccessFully
INFO 2024-03-02 10:46:09,817 views 19108 23804 Data Festched SuccessFully
INFO 2024-03-02 10:46:15,815 views 19108 23804 Data Festched SuccessFully
INFO 2024-03-02 10:46:18,815 views 19108 23804 Data Festched SuccessFully
INFO 2024-03-02 10:47:51,795 views 2736 12792 Data Festched SuccessFully
INFO 2024-03-02 10:47:51,851 views 2736 12792 Data Festched SuccessFully
INFO 2024-03-02 10:51:08,675 views 2736 18668 Data Saved SuccessFully
INFO 2024-03-02 10:51:10,828 views 2736 8380 Data Festched SuccessFully
INFO 2024-03-02 10:51:10,844 views 2736 8380 Data Festched SuccessFully
INFO 2024-03-02 10:58:02,869 views 2736 22884 Data Festched SuccessFully
INFO 2024-03-02 10:58:04,864 views 2736 22884 Data Festched SuccessFully
INFO 2024-03-02 10:58:13,879 views 2736 22884 Data Festched SuccessFully
INFO 2024-03-02 10:58:17,879 views 2736 22884 Data Festched SuccessFully
INFO 2024-03-02 10:58:19,877 views 2736 22884 Data Festched SuccessFully
INFO 2024-03-02 10:58:22,871 views 2736 22884 Data Festched SuccessFully
INFO 2024-03-02 10:58:24,879 views 2736 22884 Data Festched SuccessFully
INFO 2024-03-02 10:58:49,875 views 2736 22884 Data Festched SuccessFully
INFO 2024-03-02 11:02:37,304 views 2736 22884 Data Festched SuccessFully
INFO 2024-03-02 11:02:37,325 views 2736 22884 Data Festched SuccessFully
INFO 2024-03-02 11:02:39,476 views 2736 22884 Data Festched SuccessFully
INFO 2024-03-02 11:02:39,488 views 2736 22884 Data Festched SuccessFully
INFO 2024-03-02 11:03:27,627 views 2736 22884 Data Festched SuccessFully
INFO 2024-03-02 11:03:27,652 views 2736 22884 Data Festched SuccessFully
INFO 2024-03-02 11:03:31,137 views 2736 22884 Data Festched SuccessFully
INFO 2024-03-02 11:03:31,150 views 2736 22884 Data Festched SuccessFully
INFO 2024-03-02 11:14:29,516 views 2736 4292 Data Festched SuccessFully
INFO 2024-03-02 11:14:29,526 views 2736 4292 Data Festched SuccessFully
INFO 2024-03-02 11:15:49,946 views 2736 4292 Data Festched SuccessFully
INFO 2024-03-02 11:15:49,955 views 2736 4292 Data Festched SuccessFully
INFO 2024-03-02 11:15:51,313 views 2736 4292 Data Festched SuccessFully
INFO 2024-03-02 11:15:51,321 views 2736 4292 Data Festched SuccessFully
INFO 2024-03-02 11:18:21,942 views 2736 5788 Data Festched SuccessFully
INFO 2024-03-02 11:18:25,939 views 2736 5788 Data Festched SuccessFully
INFO 2024-03-02 11:18:32,895 views 2736 5788 Data Festched SuccessFully
INFO 2024-03-02 11:18:32,932 views 2736 5788 Data Festched SuccessFully
ERROR 2024-03-02 11:18:42,667 views 2736 5788 Error in data Updating
ERROR 2024-03-02 11:19:04,879 views 2736 5788 Error in data Updating
INFO 2024-03-02 11:19:22,952 views 2736 5788 Data Festched SuccessFully
INFO 2024-03-02 11:19:27,939 views 2736 5788 Data Festched SuccessFully
INFO 2024-03-02 11:19:28,944 views 2736 5788 Data Festched SuccessFully
INFO 2024-03-02 11:19:33,285 views 2736 5788 Data Festched SuccessFully
INFO 2024-03-02 11:19:33,305 views 2736 5788 Data Festched SuccessFully
INFO 2024-03-02 11:20:31,958 views 2736 5788 Data Festched SuccessFully
INFO 2024-03-02 11:20:35,943 views 2736 5788 Data Festched SuccessFully
INFO 2024-03-02 11:20:38,941 views 2736 5788 Data Festched SuccessFully
INFO 2024-03-02 11:21:02,044 views 2736 5788 Data Festched SuccessFully
INFO 2024-03-02 11:21:02,055 views 2736 5788 Data Festched SuccessFully
INFO 2024-03-02 11:21:12,995 views 2736 5788 Data Festched SuccessFully
INFO 2024-03-02 11:21:13,004 views 2736 5788 Data Festched SuccessFully
INFO 2024-03-02 11:21:19,395 views 2736 5788 Data Festched SuccessFully
INFO 2024-03-02 11:21:19,406 views 2736 5788 Data Festched SuccessFully
ERROR 2024-03-02 11:21:34,813 views 2736 5788 Error in Data Submitting
ERROR 2024-03-02 11:21:35,904 views 2736 5788 Error in Data Submitting
ERROR 2024-03-02 11:21:47,167 views 2736 5788 Error in Data Submitting
ERROR 2024-03-02 11:22:33,893 views 2736 5788 Error in Data Submitting
ERROR 2024-03-02 11:22:56,848 views 2736 5788 Error in Data Submitting
INFO 2024-03-02 11:23:27,661 views 2736 5788 Data Saved SuccessFully
INFO 2024-03-02 11:23:34,771 views 2736 5788 Data Festched SuccessFully
INFO 2024-03-02 11:23:34,903 views 2736 5788 Data Festched SuccessFully
INFO 2024-03-02 11:23:44,479 views 2736 5788 Data Festched SuccessFully
INFO 2024-03-02 11:23:44,483 views 2736 5788 Data Festched SuccessFully
ERROR 2024-03-02 11:25:25,801 views 2736 5788 Error in Data Submitting
ERROR 2024-03-02 11:25:33,083 views 2736 5788 Error in Data Submitting
ERROR 2024-03-02 11:25:34,151 views 2736 5788 Error in Data Submitting
ERROR 2024-03-02 11:25:42,032 views 2736 5788 Error in Data Submitting
ERROR 2024-03-02 11:25:43,124 views 2736 5788 Error in Data Submitting
INFO 2024-03-02 11:25:46,758 views 2736 5788 Data Saved SuccessFully
INFO 2024-03-02 11:25:48,233 views 2736 5788 Data Festched SuccessFully
INFO 2024-03-02 11:25:48,252 views 2736 5788 Data Festched SuccessFully
INFO 2024-03-02 11:25:52,053 views 2736 5788 Data Festched SuccessFully
INFO 2024-03-02 11:25:52,060 views 2736 5788 Data Festched SuccessFully
ERROR 2024-03-02 11:26:16,006 views 2736 5788 Error in data Updating
INFO 2024-03-02 11:29:33,062 views 17056 16116 Data Festched SuccessFully
ERROR 2024-03-02 11:29:59,801 views 17056 16116 Error in data Updating
ERROR 2024-03-02 11:30:01,388 views 17056 16116 Error in data Updating
ERROR 2024-03-02 11:30:04,590 views 17056 16116 Error in data Updating
INFO 2024-03-02 11:30:50,316 views 17056 16116 Data Festched SuccessFully
ERROR 2024-03-02 11:31:03,559 views 17056 16116 Error in data Updating
INFO 2024-03-02 11:32:57,007 views 17056 16116 Data Festched SuccessFully
INFO 2024-03-02 11:33:02,975 views 17056 16116 Data Festched SuccessFully
ERROR 2024-03-02 11:33:12,661 views 17056 16116 Error in data Updating
INFO 2024-03-02 11:35:33,998 views 17056 16116 Data Festched SuccessFully
INFO 2024-03-02 11:35:42,973 views 17056 16116 Data Festched SuccessFully
INFO 2024-03-02 11:35:59,375 views 17056 16116 Data Festched SuccessFully
INFO 2024-03-02 11:38:11,303 views 17056 16116 Data Festched SuccessFully
INFO 2024-03-02 11:38:20,987 views 17056 16116 Data Festched SuccessFully
INFO 2024-03-02 11:48:34,875 views 17056 11108 Data Festched SuccessFully
INFO 2024-03-02 11:49:25,009 views 17056 11108 Data Festched SuccessFully
INFO 2024-03-02 11:49:29,998 views 17056 11108 Data Festched SuccessFully
INFO 2024-03-02 11:50:05,002 views 17056 11108 Data Festched SuccessFully
INFO 2024-03-02 11:50:10,671 views 17056 11108 Data Festched SuccessFully
INFO 2024-03-02 11:50:14,176 views 17056 11108 Data Festched SuccessFully
INFO 2024-03-02 11:50:16,577 views 17056 11108 Data Festched SuccessFully
ERROR 2024-03-02 11:50:25,208 views 17056 11108 Error in data Updating
INFO 2024-03-02 11:51:51,015 views 17056 11108 Data Festched SuccessFully
INFO 2024-03-02 11:51:57,454 views 17056 11108 Data Festched SuccessFully
INFO 2024-03-02 11:51:58,553 views 17056 11108 Data Festched SuccessFully
INFO 2024-03-02 11:51:59,602 views 17056 11108 Data Festched SuccessFully
ERROR 2024-03-02 11:52:03,266 views 17056 11108 Error in data Updating
ERROR 2024-03-02 11:52:04,110 views 17056 11108 Error in data Updating
ERROR 2024-03-02 11:52:05,034 views 17056 11108 Error in data Updating
INFO 2024-03-02 11:52:57,012 views 17056 11108 Data Festched SuccessFully
INFO 2024-03-02 11:53:37,015 views 17056 11108 Data Festched SuccessFully
INFO 2024-03-02 11:55:02,017 views 17056 11108 Data Festched SuccessFully
INFO 2024-03-02 11:55:08,013 views 17056 11108 Data Festched SuccessFully
INFO 2024-03-02 11:56:06,040 views 17056 11108 Data Festched SuccessFully
INFO 2024-03-02 11:56:10,014 views 17056 11108 Data Festched SuccessFully
INFO 2024-03-02 11:56:22,027 views 17056 11108 Data Festched SuccessFully
INFO 2024-03-02 11:56:23,029 views 17056 11108 Data Festched SuccessFully
INFO 2024-03-02 11:56:26,063 views 17056 11108 Data Festched SuccessFully
INFO 2024-03-02 11:56:28,010 views 17056 11108 Data Festched SuccessFully
INFO 2024-03-02 11:56:29,015 views 17056 11108 Data Festched SuccessFully
INFO 2024-03-02 11:56:33,022 views 17056 11108 Data Festched SuccessFully
INFO 2024-03-02 11:56:36,008 views 17056 11108 Data Festched SuccessFully
INFO 2024-03-02 11:56:40,013 views 17056 11108 Data Festched SuccessFully
ERROR 2024-03-02 11:57:38,409 views 17056 11108 Error in data Updating
ERROR 2024-03-02 11:57:39,108 views 17056 11108 Error in data Updating
INFO 2024-03-02 11:57:41,863 views 17056 11108 Data Festched SuccessFully
INFO 2024-03-02 11:57:43,681 views 17056 11108 Data Festched SuccessFully
INFO 2024-03-02 11:57:43,850 views 17056 11108 Data Festched SuccessFully
ERROR 2024-03-02 11:57:45,945 views 17056 11108 Error in data Updating
ERROR 2024-03-02 11:57:46,787 views 17056 11108 Error in data Updating
ERROR 2024-03-02 11:57:47,278 views 17056 11108 Error in data Updating
ERROR 2024-03-02 11:57:47,509 views 17056 11108 Error in data Updating
INFO 2024-03-02 11:58:16,026 views 17056 11108 Data Festched SuccessFully
INFO 2024-03-02 12:16:03,045 views 17056 9800 Data Festched SuccessFully
INFO 2024-03-02 12:16:26,047 views 17056 9800 Data Festched SuccessFully
INFO 2024-03-02 12:16:49,056 views 17056 9800 Data Festched SuccessFully
INFO 2024-03-02 12:17:02,032 views 17056 9800 Data Festched SuccessFully
INFO 2024-03-02 12:17:09,029 views 17056 9800 Data Festched SuccessFully
INFO 2024-03-02 12:17:21,046 views 17056 9800 Data Festched SuccessFully
INFO 2024-03-02 12:17:32,036 views 17056 9800 Data Festched SuccessFully
INFO 2024-03-02 12:17:34,039 views 17056 9800 Data Festched SuccessFully
INFO 2024-03-02 12:17:40,039 views 17056 9800 Data Festched SuccessFully
INFO 2024-03-02 12:17:42,040 views 17056 9800 Data Festched SuccessFully
INFO 2024-03-02 12:17:47,037 views 17056 9800 Data Festched SuccessFully
INFO 2024-03-02 12:17:55,046 views 17056 9800 Data Festched SuccessFully
INFO 2024-03-02 12:17:59,043 views 17056 9800 Data Festched SuccessFully
INFO 2024-03-02 12:18:05,029 views 17056 9800 Data Festched SuccessFully
INFO 2024-03-02 12:18:09,042 views 17056 9800 Data Festched SuccessFully
INFO 2024-03-02 12:18:15,041 views 17056 9800 Data Festched SuccessFully
INFO 2024-03-02 12:18:18,043 views 17056 9800 Data Festched SuccessFully
INFO 2024-03-02 12:18:24,031 views 17056 9800 Data Festched SuccessFully
INFO 2024-03-02 12:18:28,039 views 17056 9800 Data Festched SuccessFully
INFO 2024-03-02 12:18:37,034 views 17056 9800 Data Festched SuccessFully
INFO 2024-03-02 12:18:39,036 views 17056 9800 Data Festched SuccessFully
INFO 2024-03-02 12:18:41,032 views 17056 9800 Data Festched SuccessFully
INFO 2024-03-02 12:19:10,516 views 17056 9800 Data Festched SuccessFully
INFO 2024-03-02 12:19:36,033 views 17056 9800 Data Festched SuccessFully
INFO 2024-03-02 12:19:43,043 views 17056 9800 Data Festched SuccessFully
INFO 2024-03-02 12:19:47,044 views 17056 9800 Data Festched SuccessFully
INFO 2024-03-02 12:19:49,034 views 17056 9800 Data Festched SuccessFully
INFO 2024-03-02 12:19:52,036 views 17056 9800 Data Festched SuccessFully
INFO 2024-03-02 12:19:54,038 views 17056 9800 Data Festched SuccessFully
INFO 2024-03-02 12:20:22,039 views 17056 9800 Data Festched SuccessFully
INFO 2024-03-02 12:20:27,043 views 17056 9800 Data Festched SuccessFully
INFO 2024-03-02 12:20:34,041 views 17056 9800 Data Festched SuccessFully
INFO 2024-03-02 12:20:41,035 views 17056 9800 Data Festched SuccessFully
INFO 2024-03-02 12:20:42,051 views 17056 9800 Data Festched SuccessFully
ERROR 2024-03-02 12:20:58,119 views 17056 9800 Error in data Updating
ERROR 2024-03-02 12:22:27,434 views 18600 16688 Error in data Updating
ERROR 2024-03-02 12:23:06,075 views 5604 19248 Error in data Updating
INFO 2024-03-02 12:23:38,247 views 5604 19248 Data Festched SuccessFully
ERROR 2024-03-02 12:23:42,269 views 5604 19248 Error in data Updating
INFO 2024-03-02 12:24:42,053 views 5604 19176 Data Festched SuccessFully
INFO 2024-03-02 12:24:46,044 views 5604 2460 Data Festched SuccessFully
ERROR 2024-03-02 12:24:47,348 views 5604 2460 Error in data Updating
INFO 2024-03-02 12:25:18,310 views 5604 9208 Data Festched SuccessFully
INFO 2024-03-02 12:25:21,379 views 5604 9208 Data Updated SuccessFully
INFO 2024-03-02 12:25:27,870 views 5604 9208 Data Festched SuccessFully
INFO 2024-03-02 12:25:38,250 views 5604 9208 Data Festched SuccessFully
INFO 2024-03-02 12:25:49,735 views 5604 9208 Data Updated SuccessFully
INFO 2024-03-02 12:25:51,448 views 5604 9208 Data Festched SuccessFully
INFO 2024-03-02 12:25:58,485 views 5604 9208 Data Festched SuccessFully
ERROR 2024-03-02 12:26:07,557 views 5604 9208 Error in data Updating
INFO 2024-03-02 12:26:36,155 views 5604 23996 Data Updated SuccessFully
INFO 2024-03-02 12:26:37,612 views 5604 23996 Data Festched SuccessFully
INFO 2024-03-02 12:26:45,575 views 5604 23996 Data Festched SuccessFully
INFO 2024-03-02 12:26:48,842 views 5604 23996 Data Festched SuccessFully
INFO 2024-03-02 12:27:30,743 views 5604 23996 Data Festched SuccessFully
INFO 2024-03-02 12:27:33,558 views 5604 23996 Data Deleted  SuccessFully
INFO 2024-03-02 12:27:35,274 views 5604 23996 Data Festched SuccessFully
INFO 2024-03-02 12:28:45,540 views 5604 18188 Data Festched SuccessFully
INFO 2024-03-02 12:30:07,211 views 5604 18188 Data Updated SuccessFully
INFO 2024-03-02 12:30:09,192 views 5604 18188 Data Festched SuccessFully
INFO 2024-03-02 12:30:13,224 views 5604 18188 Data Festched SuccessFully
INFO 2024-03-02 12:30:15,440 views 5604 18188 Data Festched SuccessFully
INFO 2024-03-02 12:30:16,636 views 5604 18188 Data Festched SuccessFully
INFO 2024-03-02 12:30:18,263 views 5604 18188 Data Deleted  SuccessFully
INFO 2024-03-02 12:30:19,889 views 5604 18188 Data Festched SuccessFully
INFO 2024-03-02 12:37:51,075 views 5604 6396 Data Festched SuccessFully
INFO 2024-03-02 12:37:52,063 views 5604 6396 Data Festched SuccessFully
INFO 2024-03-02 12:37:54,043 views 5604 6396 Data Festched SuccessFully
INFO 2024-03-02 12:37:57,758 views 5604 6396 Data Festched SuccessFully
INFO 2024-03-02 12:38:42,054 views 5604 6396 Data Festched SuccessFully
INFO 2024-03-02 12:39:12,044 views 5604 6396 Data Festched SuccessFully
INFO 2024-03-02 12:39:18,059 views 5604 6396 Data Festched SuccessFully
INFO 2024-03-02 12:39:21,656 views 5604 6396 Data Festched SuccessFully
INFO 2024-03-02 12:39:36,071 views 5604 6396 Data Festched SuccessFully
INFO 2024-03-02 12:39:37,050 views 5604 6396 Data Festched SuccessFully
INFO 2024-03-02 12:39:46,055 views 5604 6396 Data Festched SuccessFully
INFO 2024-03-02 12:39:48,053 views 5604 6396 Data Festched SuccessFully
INFO 2024-03-02 12:39:50,062 views 5604 6396 Data Festched SuccessFully
INFO 2024-03-02 12:39:53,256 views 5604 6396 Data Festched SuccessFully
INFO 2024-03-02 12:40:04,062 views 5604 6396 Data Festched SuccessFully
INFO 2024-03-02 12:40:25,050 views 5604 6396 Data Festched SuccessFully
INFO 2024-03-02 12:40:26,060 views 5604 6396 Data Festched SuccessFully
INFO 2024-03-02 12:40:30,887 views 5604 6396 Data Festched SuccessFully
INFO 2024-03-02 12:40:40,052 views 5604 6396 Data Festched SuccessFully
INFO 2024-03-02 12:40:47,048 views 5604 6396 Data Festched SuccessFully
INFO 2024-03-02 12:40:55,058 views 5604 6396 Data Festched SuccessFully
INFO 2024-03-02 12:40:58,055 views 5604 6396 Data Festched SuccessFully
INFO 2024-03-02 12:41:01,608 views 5604 6396 Data Festched SuccessFully
INFO 2024-03-02 12:41:30,046 views 5604 6396 Data Festched SuccessFully
INFO 2024-03-02 12:41:31,044 views 5604 6396 Data Festched SuccessFully
INFO 2024-03-02 12:41:38,057 views 5604 6396 Data Festched SuccessFully
INFO 2024-03-02 12:41:45,061 views 5604 6396 Data Festched SuccessFully
INFO 2024-03-02 12:42:51,264 views 5604 6396 Data Saved SuccessFully
INFO 2024-03-02 12:42:53,308 views 5604 6396 Data Festched SuccessFully
INFO 2024-03-02 12:43:16,007 views 5604 6396 Data Festched SuccessFully
INFO 2024-03-02 12:43:17,996 views 5604 6396 Data Deleted  SuccessFully
INFO 2024-03-02 12:43:19,666 views 5604 6396 Data Festched SuccessFully
INFO 2024-03-02 12:43:21,014 views 5604 6396 Data Festched SuccessFully
INFO 2024-03-02 12:43:22,580 views 5604 6396 Data Deleted  SuccessFully
INFO 2024-03-02 12:43:23,903 views 5604 6396 Data Festched SuccessFully
INFO 2024-03-02 12:43:25,184 views 5604 6396 Data Festched SuccessFully
INFO 2024-03-02 12:43:26,843 views 5604 6396 Data Deleted  SuccessFully
INFO 2024-03-02 12:43:28,328 views 5604 6396 Data Festched SuccessFully
ERROR 2024-03-02 12:44:10,421 views 5604 6396 Error in Data Submitting
INFO 2024-03-02 12:45:08,661 views 5604 6396 Data Saved SuccessFully
INFO 2024-03-02 12:45:10,618 views 5604 6396 Data Festched SuccessFully
ERROR 2024-03-02 12:45:45,142 views 5604 6396 Error in Data Submitting
INFO 2024-03-02 12:46:25,781 views 5604 6396 Data Saved SuccessFully
INFO 2024-03-02 12:46:27,729 views 5604 6396 Data Festched SuccessFully
INFO 2024-03-02 12:46:44,096 views 5604 6396 Data Festched SuccessFully
INFO 2024-03-02 12:46:54,529 views 5604 6396 Data Updated SuccessFully
INFO 2024-03-02 12:46:56,251 views 5604 6396 Data Festched SuccessFully
INFO 2024-03-02 12:47:01,011 views 5604 6396 Data Festched SuccessFully
INFO 2024-03-02 12:47:19,704 views 5604 6396 Data Updated SuccessFully
INFO 2024-03-02 12:47:21,216 views 5604 6396 Data Festched SuccessFully
